<?xml version="1.0" encoding="UTF-8"?>
<robot generator="Robot 3.2.2 (Python 3.8.0 on win32)" generated="20201211 00:04:12.557" rpa="false">
<suite id="s1" name="LogOut" source="D:\KMUTT\year3\term1\Robot\studentLogin\homeStd\Account\LogOut">
<suite id="s1-s1" name="Logout" source="D:\KMUTT\year3\term1\Robot\studentLogin\homeStd\Account\LogOut\logout.robot">
<test id="s1-s1-t1" name="open">
<kw name="Open Browser" library="SeleniumLibrary">
<doc>Opens a new browser instance to the optional ``url``.</doc>
<arguments>
<arg>${my_url}</arg>
<arg>${browser}</arg>
</arguments>
<msg timestamp="20201211 00:04:12.716" level="INFO">Opening browser 'chrome' to base url 'http://localhost:8080/'.</msg>
<status status="PASS" starttime="20201211 00:04:12.716" endtime="20201211 00:04:16.470"></status>
</kw>
<status status="PASS" starttime="20201211 00:04:12.716" endtime="20201211 00:04:16.471" critical="yes"></status>
</test>
<test id="s1-s1-t2" name="click signin">
<kw name="Click Button" library="SeleniumLibrary">
<doc>Clicks the button identified by ``locator``.</doc>
<arguments>
<arg>id=signin</arg>
</arguments>
<msg timestamp="20201211 00:04:16.476" level="INFO">Clicking button 'id=signin'.</msg>
<kw name="Capture Page Screenshot" library="SeleniumLibrary">
<doc>Takes a screenshot of the current page and embeds it into a log file.</doc>
<msg timestamp="20201211 00:04:17.992" level="INFO" html="yes">&lt;/td&gt;&lt;/tr&gt;&lt;tr&gt;&lt;td colspan="3"&gt;&lt;a href="selenium-screenshot-1.png"&gt;&lt;img src="selenium-screenshot-1.png" width="800px"&gt;&lt;/a&gt;</msg>
<status status="PASS" starttime="20201211 00:04:17.609" endtime="20201211 00:04:17.992"></status>
</kw>
<msg timestamp="20201211 00:04:18.004" level="FAIL">ElementClickInterceptedException: Message: element click intercepted: Element &lt;button id="signin" class="btnHeader"&gt;...&lt;/button&gt; is not clickable at point (925, 32). Other element would receive the click: &lt;div class="v-overlay__scrim" style="opacity: 0.46; background-color: rgb(33, 33, 33); border-color: rgb(33, 33, 33);"&gt;&lt;/div&gt;
  (Session info: chrome=87.0.4280.88)
</msg>
<status status="FAIL" starttime="20201211 00:04:16.475" endtime="20201211 00:04:18.004"></status>
</kw>
<status status="FAIL" starttime="20201211 00:04:16.474" endtime="20201211 00:04:18.005" critical="yes">ElementClickInterceptedException: Message: element click intercepted: Element &lt;button id="signin" class="btnHeader"&gt;...&lt;/button&gt; is not clickable at point (925, 32). Other element would receive the click: &lt;div class="v-overlay__scrim" style="opacity: 0.46; background-color: rgb(33, 33, 33); border-color: rgb(33, 33, 33);"&gt;&lt;/div&gt;
  (Session info: chrome=87.0.4280.88)
</status>
</test>
<test id="s1-s1-t3" name="input email">
<kw name="Input Text" library="SeleniumLibrary">
<doc>Types the given ``text`` into the text field identified by ``locator``.</doc>
<arguments>
<arg>id=email</arg>
<arg>aaa@gmail.com</arg>
</arguments>
<msg timestamp="20201211 00:04:18.007" level="INFO">Typing text 'aaa@gmail.com' into text field 'id=email'.</msg>
<kw name="Capture Page Screenshot" library="SeleniumLibrary">
<doc>Takes a screenshot of the current page and embeds it into a log file.</doc>
<msg timestamp="20201211 00:04:18.388" level="INFO" html="yes">&lt;/td&gt;&lt;/tr&gt;&lt;tr&gt;&lt;td colspan="3"&gt;&lt;a href="selenium-screenshot-2.png"&gt;&lt;img src="selenium-screenshot-2.png" width="800px"&gt;&lt;/a&gt;</msg>
<status status="PASS" starttime="20201211 00:04:18.018" endtime="20201211 00:04:18.388"></status>
</kw>
<msg timestamp="20201211 00:04:18.396" level="FAIL">Element with locator 'id=email' not found.</msg>
<status status="FAIL" starttime="20201211 00:04:18.007" endtime="20201211 00:04:18.397"></status>
</kw>
<status status="FAIL" starttime="20201211 00:04:18.007" endtime="20201211 00:04:18.397" critical="yes">Element with locator 'id=email' not found.</status>
</test>
<test id="s1-s1-t4" name="input password">
<kw name="Input Text" library="SeleniumLibrary">
<doc>Types the given ``text`` into the text field identified by ``locator``.</doc>
<arguments>
<arg>id=password</arg>
<arg>123456</arg>
</arguments>
<msg timestamp="20201211 00:04:18.418" level="INFO">Typing text '123456' into text field 'id=password'.</msg>
<kw name="Capture Page Screenshot" library="SeleniumLibrary">
<doc>Takes a screenshot of the current page and embeds it into a log file.</doc>
<msg timestamp="20201211 00:04:18.863" level="INFO" html="yes">&lt;/td&gt;&lt;/tr&gt;&lt;tr&gt;&lt;td colspan="3"&gt;&lt;a href="selenium-screenshot-3.png"&gt;&lt;img src="selenium-screenshot-3.png" width="800px"&gt;&lt;/a&gt;</msg>
<status status="PASS" starttime="20201211 00:04:18.429" endtime="20201211 00:04:18.863"></status>
</kw>
<msg timestamp="20201211 00:04:18.864" level="FAIL">Element with locator 'id=password' not found.</msg>
<status status="FAIL" starttime="20201211 00:04:18.418" endtime="20201211 00:04:18.864"></status>
</kw>
<status status="FAIL" starttime="20201211 00:04:18.418" endtime="20201211 00:04:18.865" critical="yes">Element with locator 'id=password' not found.</status>
</test>
<test id="s1-s1-t5" name="click signin">
<kw name="Click Element" library="SeleniumLibrary">
<doc>Click the element identified by ``locator``.</doc>
<arguments>
<arg>//*[@class="signInBtn"]</arg>
</arguments>
<msg timestamp="20201211 00:04:18.867" level="INFO">Clicking element '//*[@class="signInBtn"]'.</msg>
<kw name="Capture Page Screenshot" library="SeleniumLibrary">
<doc>Takes a screenshot of the current page and embeds it into a log file.</doc>
<msg timestamp="20201211 00:04:19.209" level="INFO" html="yes">&lt;/td&gt;&lt;/tr&gt;&lt;tr&gt;&lt;td colspan="3"&gt;&lt;a href="selenium-screenshot-4.png"&gt;&lt;img src="selenium-screenshot-4.png" width="800px"&gt;&lt;/a&gt;</msg>
<status status="PASS" starttime="20201211 00:04:18.877" endtime="20201211 00:04:19.210"></status>
</kw>
<msg timestamp="20201211 00:04:19.210" level="FAIL">Element with locator '//*[@class="signInBtn"]' not found.</msg>
<status status="FAIL" starttime="20201211 00:04:18.867" endtime="20201211 00:04:19.210"></status>
</kw>
<status status="FAIL" starttime="20201211 00:04:18.866" endtime="20201211 00:04:19.211" critical="yes">Element with locator '//*[@class="signInBtn"]' not found.</status>
</test>
<test id="s1-s1-t6" name="click Account">
<kw name="Sleep" library="BuiltIn">
<doc>Pauses the test executed for the given time.</doc>
<arguments>
<arg>4s</arg>
</arguments>
<msg timestamp="20201211 00:04:23.215" level="INFO">Slept 4 seconds</msg>
<status status="PASS" starttime="20201211 00:04:19.214" endtime="20201211 00:04:23.215"></status>
</kw>
<kw name="Click Element" library="SeleniumLibrary">
<doc>Click the element identified by ``locator``.</doc>
<arguments>
<arg>xpath=//*[@id="account"]</arg>
</arguments>
<msg timestamp="20201211 00:04:23.216" level="INFO">Clicking element 'xpath=//*[@id="account"]'.</msg>
<kw name="Capture Page Screenshot" library="SeleniumLibrary">
<doc>Takes a screenshot of the current page and embeds it into a log file.</doc>
<status status="FAIL" starttime="20201211 00:04:27.232" endtime="20201211 00:04:29.493"></status>
</kw>
<msg timestamp="20201211 00:04:29.493" level="WARN">Keyword 'Capture Page Screenshot' could not be run on failure: Execution terminated by signal</msg>
<msg timestamp="20201211 00:04:29.500" level="FAIL">WebDriverException: Message: chrome not reachable
  (Session info: chrome=87.0.4280.88)
</msg>
<status status="FAIL" starttime="20201211 00:04:23.216" endtime="20201211 00:04:29.500"></status>
</kw>
<status status="FAIL" starttime="20201211 00:04:19.213" endtime="20201211 00:04:29.501" critical="yes">WebDriverException: Message: chrome not reachable
  (Session info: chrome=87.0.4280.88)
</status>
</test>
<test id="s1-s1-t7" name="show profile">
<kw name="Sleep" library="BuiltIn">
<doc>Pauses the test executed for the given time.</doc>
<arguments>
<arg>2s</arg>
</arguments>
<status status="FAIL" starttime="20201211 00:04:29.507" endtime="20201211 00:04:29.507"></status>
</kw>
<status status="FAIL" starttime="20201211 00:04:29.505" endtime="20201211 00:04:29.511" critical="yes">Execution terminated by signal</status>
</test>
<status status="FAIL" starttime="20201211 00:04:12.578" endtime="20201211 00:04:29.538"></status>
</suite>
<status status="FAIL" starttime="20201211 00:04:12.558" endtime="20201211 00:04:29.543"></status>
</suite>
<statistics>
<total>
<stat pass="1" fail="6">Critical Tests</stat>
<stat pass="1" fail="6">All Tests</stat>
</total>
<tag>
</tag>
<suite>
<stat pass="1" fail="6" id="s1" name="LogOut">LogOut</stat>
<stat pass="1" fail="6" id="s1-s1" name="Logout">LogOut.Logout</stat>
</suite>
</statistics>
<errors>
<msg timestamp="20201211 00:04:18.866" level="WARN">Multiple test cases with name 'click signin' executed in test suite 'LogOut.Logout'.</msg>
<msg timestamp="20201211 00:04:29.493" level="WARN">Keyword 'Capture Page Screenshot' could not be run on failure: Execution terminated by signal</msg>
</errors>
</robot>
