<?xml version="1.0" encoding="UTF-8"?>
<robot generator="Robot 3.2.2 (Python 3.8.0 on win32)" generated="20201211 16:04:26.678" rpa="false">
<suite id="s1" name="confirmPayment" source="D:\KMUTT\year3\term1\Robot\studentLogin\homeStd\Shopping\confirm\confirmPayment.robot">
<test id="s1-t1" name="open">
<kw name="Open Browser" library="SeleniumLibrary">
<doc>Opens a new browser instance to the optional ``url``.</doc>
<arguments>
<arg>${my_url}</arg>
<arg>${browser}</arg>
</arguments>
<msg timestamp="20201211 16:04:26.823" level="INFO">Opening browser 'chrome' to base url 'http://localhost:8080/'.</msg>
<status status="PASS" starttime="20201211 16:04:26.823" endtime="20201211 16:04:31.750"></status>
</kw>
<status status="PASS" starttime="20201211 16:04:26.823" endtime="20201211 16:04:31.751" critical="yes"></status>
</test>
<test id="s1-t2" name="click signin">
<kw name="Sleep" library="BuiltIn">
<doc>Pauses the test executed for the given time.</doc>
<arguments>
<arg>2s</arg>
</arguments>
<msg timestamp="20201211 16:04:33.755" level="INFO">Slept 2 seconds</msg>
<status status="PASS" starttime="20201211 16:04:31.754" endtime="20201211 16:04:33.755"></status>
</kw>
<kw name="Click Button" library="SeleniumLibrary">
<doc>Clicks the button identified by ``locator``.</doc>
<arguments>
<arg>id=signin</arg>
</arguments>
<msg timestamp="20201211 16:04:33.756" level="INFO">Clicking button 'id=signin'.</msg>
<status status="PASS" starttime="20201211 16:04:33.756" endtime="20201211 16:04:33.867"></status>
</kw>
<status status="PASS" starttime="20201211 16:04:31.753" endtime="20201211 16:04:33.867" critical="yes"></status>
</test>
<test id="s1-t3" name="input email">
<kw name="Input Text" library="SeleniumLibrary">
<doc>Types the given ``text`` into the text field identified by ``locator``.</doc>
<arguments>
<arg>id=email</arg>
<arg>testSTD@gmail.com</arg>
</arguments>
<msg timestamp="20201211 16:04:33.870" level="INFO">Typing text 'testSTD@gmail.com' into text field 'id=email'.</msg>
<status status="PASS" starttime="20201211 16:04:33.870" endtime="20201211 16:04:34.200"></status>
</kw>
<status status="PASS" starttime="20201211 16:04:33.870" endtime="20201211 16:04:34.201" critical="yes"></status>
</test>
<test id="s1-t4" name="input password">
<kw name="Input Text" library="SeleniumLibrary">
<doc>Types the given ``text`` into the text field identified by ``locator``.</doc>
<arguments>
<arg>id=password</arg>
<arg>741852</arg>
</arguments>
<msg timestamp="20201211 16:04:34.205" level="INFO">Typing text '741852' into text field 'id=password'.</msg>
<status status="PASS" starttime="20201211 16:04:34.205" endtime="20201211 16:04:34.365"></status>
</kw>
<status status="PASS" starttime="20201211 16:04:34.204" endtime="20201211 16:04:34.367" critical="yes"></status>
</test>
<test id="s1-t5" name="click signin">
<kw name="Click Element" library="SeleniumLibrary">
<doc>Click the element identified by ``locator``.</doc>
<arguments>
<arg>//*[@class="signInBtn"]</arg>
</arguments>
<msg timestamp="20201211 16:04:34.371" level="INFO">Clicking element '//*[@class="signInBtn"]'.</msg>
<status status="PASS" starttime="20201211 16:04:34.371" endtime="20201211 16:04:34.452"></status>
</kw>
<kw name="Sleep" library="BuiltIn">
<doc>Pauses the test executed for the given time.</doc>
<arguments>
<arg>4s</arg>
</arguments>
<msg timestamp="20201211 16:04:38.453" level="INFO">Slept 4 seconds</msg>
<status status="PASS" starttime="20201211 16:04:34.452" endtime="20201211 16:04:38.453"></status>
</kw>
<status status="PASS" starttime="20201211 16:04:34.370" endtime="20201211 16:04:38.454" critical="yes"></status>
</test>
<test id="s1-t6" name="click course">
<kw name="Click Element" library="SeleniumLibrary">
<doc>Click the element identified by ``locator``.</doc>
<arguments>
<arg>//*[@id="Cal1"]</arg>
</arguments>
<msg timestamp="20201211 16:04:38.457" level="INFO">Clicking element '//*[@id="Cal1"]'.</msg>
<status status="PASS" starttime="20201211 16:04:38.457" endtime="20201211 16:04:38.866"></status>
</kw>
<kw name="Sleep" library="BuiltIn">
<doc>Pauses the test executed for the given time.</doc>
<arguments>
<arg>4s</arg>
</arguments>
<msg timestamp="20201211 16:04:42.867" level="INFO">Slept 4 seconds</msg>
<status status="PASS" starttime="20201211 16:04:38.866" endtime="20201211 16:04:42.867"></status>
</kw>
<status status="PASS" starttime="20201211 16:04:38.456" endtime="20201211 16:04:42.868" critical="yes"></status>
</test>
<test id="s1-t7" name="click buy">
<kw name="Click Element" library="SeleniumLibrary">
<doc>Click the element identified by ``locator``.</doc>
<arguments>
<arg>//*[@class="buttonContainer col"]</arg>
</arguments>
<msg timestamp="20201211 16:04:42.873" level="INFO">Clicking element '//*[@class="buttonContainer col"]'.</msg>
<status status="PASS" starttime="20201211 16:04:42.873" endtime="20201211 16:04:42.959"></status>
</kw>
<kw name="Sleep" library="BuiltIn">
<doc>Pauses the test executed for the given time.</doc>
<arguments>
<arg>2s</arg>
</arguments>
<msg timestamp="20201211 16:04:44.961" level="INFO">Slept 2 seconds</msg>
<status status="PASS" starttime="20201211 16:04:42.959" endtime="20201211 16:04:44.961"></status>
</kw>
<status status="PASS" starttime="20201211 16:04:42.872" endtime="20201211 16:04:44.962" critical="yes"></status>
</test>
<test id="s1-t8" name="click shoping">
<kw name="Click Element" library="SeleniumLibrary">
<doc>Click the element identified by ``locator``.</doc>
<arguments>
<arg>//*[@ID="basket"]</arg>
</arguments>
<msg timestamp="20201211 16:04:44.978" level="INFO">Clicking element '//*[@ID="basket"]'.</msg>
<status status="PASS" starttime="20201211 16:04:44.978" endtime="20201211 16:04:45.061"></status>
</kw>
<kw name="Sleep" library="BuiltIn">
<doc>Pauses the test executed for the given time.</doc>
<arguments>
<arg>4s</arg>
</arguments>
<msg timestamp="20201211 16:04:49.061" level="INFO">Slept 4 seconds</msg>
<status status="PASS" starttime="20201211 16:04:45.061" endtime="20201211 16:04:49.061"></status>
</kw>
<status status="PASS" starttime="20201211 16:04:44.976" endtime="20201211 16:04:49.062" critical="yes"></status>
</test>
<test id="s1-t9" name="click comfirm">
<kw name="Click Button" library="SeleniumLibrary">
<doc>Clicks the button identified by ``locator``.</doc>
<arguments>
<arg>class=bottonCom</arg>
</arguments>
<msg timestamp="20201211 16:04:49.064" level="INFO">Clicking button 'class=bottonCom'.</msg>
<status status="PASS" starttime="20201211 16:04:49.064" endtime="20201211 16:04:49.159"></status>
</kw>
<kw name="Sleep" library="BuiltIn">
<doc>Pauses the test executed for the given time.</doc>
<arguments>
<arg>6s</arg>
</arguments>
<msg timestamp="20201211 16:04:55.162" level="INFO">Slept 6 seconds</msg>
<status status="PASS" starttime="20201211 16:04:49.161" endtime="20201211 16:04:55.162"></status>
</kw>
<status status="PASS" starttime="20201211 16:04:49.064" endtime="20201211 16:04:55.162" critical="yes"></status>
</test>
<test id="s1-t10" name="click next">
<kw name="Click Button" library="SeleniumLibrary">
<doc>Clicks the button identified by ``locator``.</doc>
<arguments>
<arg>id=btnNext</arg>
</arguments>
<msg timestamp="20201211 16:04:55.167" level="INFO">Clicking button 'id=btnNext'.</msg>
<status status="PASS" starttime="20201211 16:04:55.167" endtime="20201211 16:04:55.263"></status>
</kw>
<kw name="Sleep" library="BuiltIn">
<doc>Pauses the test executed for the given time.</doc>
<arguments>
<arg>10s</arg>
</arguments>
<msg timestamp="20201211 16:05:05.266" level="INFO">Slept 10 seconds</msg>
<status status="PASS" starttime="20201211 16:04:55.264" endtime="20201211 16:05:05.266"></status>
</kw>
<status status="PASS" starttime="20201211 16:04:55.166" endtime="20201211 16:05:05.266" critical="yes"></status>
</test>
<test id="s1-t11" name="click next">
<kw name="Click Button" library="SeleniumLibrary">
<doc>Clicks the button identified by ``locator``.</doc>
<arguments>
<arg>id=btnNext</arg>
</arguments>
<msg timestamp="20201211 16:05:05.270" level="INFO">Clicking button 'id=btnNext'.</msg>
<status status="PASS" starttime="20201211 16:05:05.269" endtime="20201211 16:05:05.393"></status>
</kw>
<kw name="Sleep" library="BuiltIn">
<doc>Pauses the test executed for the given time.</doc>
<arguments>
<arg>4s</arg>
</arguments>
<msg timestamp="20201211 16:05:09.395" level="INFO">Slept 4 seconds</msg>
<status status="PASS" starttime="20201211 16:05:05.394" endtime="20201211 16:05:09.395"></status>
</kw>
<status status="PASS" starttime="20201211 16:05:05.269" endtime="20201211 16:05:09.395" critical="yes"></status>
</test>
<test id="s1-t12" name="Transfer To">
<kw name="Click Element" library="SeleniumLibrary">
<doc>Click the element identified by ``locator``.</doc>
<arguments>
<arg>//*[@id="bank"]</arg>
</arguments>
<msg timestamp="20201211 16:05:09.399" level="INFO">Clicking element '//*[@id="bank"]'.</msg>
<status status="PASS" starttime="20201211 16:05:09.399" endtime="20201211 16:05:09.471"></status>
</kw>
<kw name="Sleep" library="BuiltIn">
<doc>Pauses the test executed for the given time.</doc>
<arguments>
<arg>6s</arg>
</arguments>
<msg timestamp="20201211 16:05:15.473" level="INFO">Slept 6 seconds</msg>
<status status="PASS" starttime="20201211 16:05:09.472" endtime="20201211 16:05:15.473"></status>
</kw>
<kw name="Click Element" library="SeleniumLibrary">
<doc>Click the element identified by ``locator``.</doc>
<arguments>
<arg>xpath=//*[@id="list-item-366-0"]</arg>
</arguments>
<msg timestamp="20201211 16:05:15.474" level="INFO">Clicking element 'xpath=//*[@id="list-item-366-0"]'.</msg>
<kw name="Capture Page Screenshot" library="SeleniumLibrary">
<doc>Takes a screenshot of the current page and embeds it into a log file.</doc>
<msg timestamp="20201211 16:05:15.867" level="INFO" html="yes">&lt;/td&gt;&lt;/tr&gt;&lt;tr&gt;&lt;td colspan="3"&gt;&lt;a href="selenium-screenshot-11.png"&gt;&lt;img src="selenium-screenshot-11.png" width="800px"&gt;&lt;/a&gt;</msg>
<status status="PASS" starttime="20201211 16:05:15.493" endtime="20201211 16:05:15.868"></status>
</kw>
<msg timestamp="20201211 16:05:15.869" level="FAIL">Element with locator 'xpath=//*[@id="list-item-366-0"]' not found.</msg>
<status status="FAIL" starttime="20201211 16:05:15.474" endtime="20201211 16:05:15.869"></status>
</kw>
<status status="FAIL" starttime="20201211 16:05:09.398" endtime="20201211 16:05:15.870" critical="yes">Element with locator 'xpath=//*[@id="list-item-366-0"]' not found.</status>
</test>
<test id="s1-t13" name="Transfer To">
<kw name="Click Element" library="SeleniumLibrary">
<doc>Click the element identified by ``locator``.</doc>
<arguments>
<arg>//*[@id="yourbank"]</arg>
</arguments>
<msg timestamp="20201211 16:05:15.873" level="INFO">Clicking element '//*[@id="yourbank"]'.</msg>
<kw name="Capture Page Screenshot" library="SeleniumLibrary">
<doc>Takes a screenshot of the current page and embeds it into a log file.</doc>
<msg timestamp="20201211 16:05:17.303" level="INFO" html="yes">&lt;/td&gt;&lt;/tr&gt;&lt;tr&gt;&lt;td colspan="3"&gt;&lt;a href="selenium-screenshot-12.png"&gt;&lt;img src="selenium-screenshot-12.png" width="800px"&gt;&lt;/a&gt;</msg>
<status status="PASS" starttime="20201211 16:05:16.965" endtime="20201211 16:05:17.303"></status>
</kw>
<msg timestamp="20201211 16:05:17.312" level="FAIL">ElementClickInterceptedException: Message: element click intercepted: Element &lt;div data-v-536ea958="" id="yourbank" class="col"&gt;...&lt;/div&gt; is not clickable at point (1063, 532). Other element would receive the click: &lt;div class="v-list-item__content"&gt;...&lt;/div&gt;
  (Session info: chrome=87.0.4280.88)
</msg>
<status status="FAIL" starttime="20201211 16:05:15.873" endtime="20201211 16:05:17.312"></status>
</kw>
<status status="FAIL" starttime="20201211 16:05:15.872" endtime="20201211 16:05:17.313" critical="yes">ElementClickInterceptedException: Message: element click intercepted: Element &lt;div data-v-536ea958="" id="yourbank" class="col"&gt;...&lt;/div&gt; is not clickable at point (1063, 532). Other element would receive the click: &lt;div class="v-list-item__content"&gt;...&lt;/div&gt;
  (Session info: chrome=87.0.4280.88)
</status>
</test>
<test id="s1-t14" name="Input amount">
<kw name="Input Text" library="SeleniumLibrary">
<doc>Types the given ``text`` into the text field identified by ``locator``.</doc>
<arguments>
<arg>id=AmountTransfer</arg>
<arg>50</arg>
</arguments>
<msg timestamp="20201211 16:05:17.315" level="INFO">Typing text '50' into text field 'id=AmountTransfer'.</msg>
<status status="PASS" starttime="20201211 16:05:17.315" endtime="20201211 16:05:17.467"></status>
</kw>
<kw name="Sleep" library="BuiltIn">
<doc>Pauses the test executed for the given time.</doc>
<arguments>
<arg>4s</arg>
</arguments>
<msg timestamp="20201211 16:05:21.469" level="INFO">Slept 4 seconds</msg>
<status status="PASS" starttime="20201211 16:05:17.469" endtime="20201211 16:05:21.469"></status>
</kw>
<status status="PASS" starttime="20201211 16:05:17.315" endtime="20201211 16:05:21.470" critical="yes"></status>
</test>
<test id="s1-t15" name="Click Button">
<kw name="Click Button" library="SeleniumLibrary">
<doc>Clicks the button identified by ``locator``.</doc>
<arguments>
<arg>class=text-none</arg>
</arguments>
<msg timestamp="20201211 16:05:21.473" level="INFO">Clicking button 'class=text-none'.</msg>
<status status="PASS" starttime="20201211 16:05:21.473" endtime="20201211 16:05:21.585"></status>
</kw>
<status status="PASS" starttime="20201211 16:05:21.472" endtime="20201211 16:05:21.585" critical="yes"></status>
</test>
<status status="FAIL" starttime="20201211 16:04:26.679" endtime="20201211 16:05:21.590"></status>
</suite>
<statistics>
<total>
<stat pass="13" fail="2">Critical Tests</stat>
<stat pass="13" fail="2">All Tests</stat>
</total>
<tag>
</tag>
<suite>
<stat pass="13" fail="2" id="s1" name="confirmPayment">confirmPayment</stat>
</suite>
</statistics>
<errors>
<msg timestamp="20201211 16:04:34.369" level="WARN">Multiple test cases with name 'click signin' executed in test suite 'confirmPayment'.</msg>
<msg timestamp="20201211 16:05:05.268" level="WARN">Multiple test cases with name 'click next' executed in test suite 'confirmPayment'.</msg>
<msg timestamp="20201211 16:05:15.872" level="WARN">Multiple test cases with name 'Transfer To' executed in test suite 'confirmPayment'.</msg>
</errors>
</robot>
